{"level":"info","message":"User registered: user@gmail.com","timestamp":"2025-07-22T14:32:03.506Z"}
{"level":"info","message":"User registered: user2@gmail.com","timestamp":"2025-07-22T14:34:19.573Z"}
{"level":"info","message":"User registered: user@gmail.com","timestamp":"2025-07-22T14:59:30.847Z"}
{"level":"info","message":"User registered: user1@gmail.com","timestamp":"2025-07-22T14:59:50.396Z"}
{"level":"info","message":"User registered: client@gmail.com","timestamp":"2025-07-22T15:27:45.032Z"}
{"level":"info","message":"User registered: clien1t@gmail.com","timestamp":"2025-07-22T15:30:27.056Z"}
{"level":"info","message":"[REGISTER] User created: user@gmail.com","timestamp":"2025-07-22T15:35:35.546Z"}
{"level":"error","message":"[LOGIN]","timestamp":"2025-07-22T15:35:53.247Z"}
{"level":"error","message":"[LOGIN]","timestamp":"2025-07-22T15:37:21.864Z"}
{"level":"error","message":"[LOGIN]","timestamp":"2025-07-22T15:38:18.169Z"}
{"level":"error","message":"[LOGIN]","timestamp":"2025-07-22T15:39:21.869Z"}
{"level":"error","message":"[LOGIN]","timestamp":"2025-07-22T15:40:07.800Z"}
{"level":"error","message":"[LOGIN]","timestamp":"2025-07-22T15:40:46.989Z"}
{"level":"error","message":"[LOGIN]","timestamp":"2025-07-22T15:40:53.932Z"}
{"level":"info","message":"[LOGIN] user@gmail.com logged in successfully","timestamp":"2025-07-22T15:43:35.856Z"}
{"level":"info","message":"[LOGIN] user@gmail.com logged in successfully","timestamp":"2025-07-22T15:49:02.630Z"}
{"level":"info","message":"[LOGIN] user@gmail.com logged in successfully","timestamp":"2025-07-22T15:49:30.613Z"}
{"level":"info","message":"[LOGIN] admin@gmail.com logged in successfully","timestamp":"2025-07-25T14:22:15.594Z"}
{"level":"info","message":"[LOGIN] admin@gmail.com logged in successfully","timestamp":"2025-07-25T14:50:20.881Z"}
{"level":"info","message":"[LOGIN] admin@gmail.com logged in successfully","timestamp":"2025-07-25T14:50:37.146Z"}
{"level":"info","message":"[LOGIN] admin@gmail.com logged in successfully","timestamp":"2025-07-25T14:50:41.543Z"}
{"level":"info","message":"[LOGIN] admin@gmail.com logged in successfully","timestamp":"2025-08-21T04:41:27.691Z"}
{"level":"info","message":"[LOGIN] user@gmail.com logged in successfully","timestamp":"2025-08-21T04:57:00.454Z"}
{"level":"error","message":"[LOGOUT]","timestamp":"2025-08-21T05:02:08.827Z"}
{"level":"error","message":"[ADMIN LOGIN]","timestamp":"2025-08-21T07:30:08.677Z"}
{"level":"error","message":"[ADMIN LOGIN]","timestamp":"2025-08-21T07:32:37.252Z"}
{"level":"info","message":"[ADMIN LOGIN]: admin@gmail.com logged in successfully","timestamp":"2025-08-21T07:33:20.514Z"}
{"level":"info","message":"[ADMIN LOGIN]: admin@gmail.com logged in successfully","timestamp":"2025-08-21T07:33:39.092Z"}
{"level":"error","message":"[ADMIN LOGIN]","timestamp":"2025-08-21T07:33:53.477Z"}
{"level":"info","message":"[ADMIN LOGIN]: admin@gmail.com logged in successfully","timestamp":"2025-08-21T07:34:13.305Z"}
{"level":"info","message":"[ADMIN LOGIN]: admin@gmail.com logged in successfully","timestamp":"2025-08-21T07:36:17.267Z"}
