{"level":"error","message":"[LOGIN]","timestamp":"2025-07-22T15:35:53.247Z"}
{"level":"error","message":"[LOGIN]","timestamp":"2025-07-22T15:37:21.864Z"}
{"level":"error","message":"[LOGIN]","timestamp":"2025-07-22T15:38:18.169Z"}
{"level":"error","message":"[LOGIN]","timestamp":"2025-07-22T15:39:21.869Z"}
{"level":"error","message":"[LOGIN]","timestamp":"2025-07-22T15:40:07.800Z"}
{"level":"error","message":"[LOGIN]","timestamp":"2025-07-22T15:40:46.989Z"}
{"level":"error","message":"[LOGIN]","timestamp":"2025-07-22T15:40:53.932Z"}
{"level":"error","message":"[LOGOUT]","timestamp":"2025-08-21T05:02:08.827Z"}
{"level":"error","message":"[ADMIN LOGIN]","timestamp":"2025-08-21T07:30:08.677Z"}
{"level":"error","message":"[ADMIN LOGIN]","timestamp":"2025-08-21T07:32:37.252Z"}
{"level":"error","message":"[ADMIN LOGIN]","timestamp":"2025-08-21T07:33:53.477Z"}
{"level":"error","message":"Lỗi khi lấy danh sách ghi chú","timestamp":"2025-08-21T11:44:55.382Z"}
{"level":"error","message":"Lỗi khi lấy danh sách ghi chú","timestamp":"2025-08-21T11:45:20.162Z"}
{"level":"error","message":"Lỗi khi lấy danh sách ghi chú","timestamp":"2025-08-21T11:45:21.999Z"}
{"level":"error","message":"Lỗi khi lấy danh sách ghi chú","timestamp":"2025-08-21T11:45:39.137Z"}
{"level":"error","message":"Lỗi khi lấy danh sách ghi chú","timestamp":"2025-08-21T11:45:48.848Z"}
{"level":"error","message":"Lỗi khi lấy danh sách ghi chú","timestamp":"2025-08-21T11:46:03.965Z"}
{"level":"error","message":"Lỗi khi lấy danh sách ghi chú","timestamp":"2025-08-21T11:46:25.649Z"}
{"level":"error","message":"Lỗi khi lấy danh sách ghi chú","timestamp":"2025-08-21T11:46:27.791Z"}
{"level":"error","message":"Lỗi khi lấy danh sách ghi chú","timestamp":"2025-08-21T11:48:46.872Z"}
{"level":"error","message":"Lỗi khi lấy danh sách ghi chú","timestamp":"2025-08-21T12:28:03.039Z"}
{"error":{},"level":"error","message":"Error creating note: Cannot access 'newNote' before initialization","timestamp":"2025-08-21T13:22:54.565Z"}
{"error":{"_message":"Note validation failed","errors":{"createdBy":{"kind":"ObjectId","message":"Cast to ObjectId failed for value \"1755782620480\" (type number) at path \"createdBy\" because of \"BSONError\"","name":"CastError","path":"createdBy","reason":{},"stringValue":"\"1755782620480\"","value":1755782620480,"valueType":"number"},"room":{"kind":"ObjectId","message":"Cast to ObjectId failed for value \"Lập trình php\" (type string) at path \"room\" because of \"BSONError\"","name":"CastError","path":"room","reason":{},"stringValue":"\"Lập trình php\"","value":"Lập trình php","valueType":"string"}},"message":"Note validation failed: room: Cast to ObjectId failed for value \"Lập trình php\" (type string) at path \"room\" because of \"BSONError\", createdBy: Cast to ObjectId failed for value \"1755782620480\" (type number) at path \"createdBy\" because of \"BSONError\"","name":"ValidationError"},"level":"error","message":"Error creating note: Note validation failed: room: Cast to ObjectId failed for value \"Lập trình php\" (type string) at path \"room\" because of \"BSONError\", createdBy: Cast to ObjectId failed for value \"1755782620480\" (type number) at path \"createdBy\" because of \"BSONError\"","timestamp":"2025-08-21T13:23:40.490Z"}
{"error":{"_message":"Note validation failed","errors":{"createdBy":{"kind":"ObjectId","message":"Cast to ObjectId failed for value \"1755782716714\" (type number) at path \"createdBy\" because of \"BSONError\"","name":"CastError","path":"createdBy","reason":{},"stringValue":"\"1755782716714\"","value":1755782716714,"valueType":"number"}},"message":"Note validation failed: createdBy: Cast to ObjectId failed for value \"1755782716714\" (type number) at path \"createdBy\" because of \"BSONError\"","name":"ValidationError"},"level":"error","message":"Error creating note: Note validation failed: createdBy: Cast to ObjectId failed for value \"1755782716714\" (type number) at path \"createdBy\" because of \"BSONError\"","timestamp":"2025-08-21T13:25:16.736Z"}
{"error":{},"level":"error","message":"Error creating note: mongoose is not defined","timestamp":"2025-08-21T13:29:25.250Z"}
